<Page loaded="pageLoaded" class="page" xmlns="http://www.nativescript.org/tns.xsd">

    <ActionBar title="Modal Page" class="action-bar">
    </ActionBar>
    <ScrollView class="page">
        <StackLayout>
            <Button text="North Bound" tap="showModal" class="btn btn-primary m-t-20" />
            <Button text="South Bound" tap="{{ showModal }}" class="btn btn-primary m-t-20" />
        </StackLayout>
    </ScrollView>
</Page>